{
  "comments": [
    {
      "unresolved": true,
      "key": {
        "uuid": "7a5b1659_c401dbeb",
        "filename": "/PATCHSET_LEVEL",
        "patchSetId": 2
      },
      "lineNbr": 0,
      "author": {
        "id": 1013302
      },
      "writtenOn": "2020-11-26T22:10:43Z",
      "side": 1,
      "message": "There is one failed test:\n\nFAILED TESTS:\n  gr-diff-processor tests\n    not logged in\n      _breakdown*\n        ��� _breakdownChunk keeps due_to_move for broken down additions\n          HeadlessChrome 69.0.3497 (Linux 0.0.0)\n        AssertionError: expected undefined to be true\n\n      + expected - actual\n\n      -[undefined]\n      +true\n      \n    at Context.test (polygerrit-ui/app/elements/diff/gr-diff-processor/gr-diff-processor_test.js:1028:22)\n",
      "revId": "03e70a6cef33dac68b8d281d234eebe6af566deb",
      "serverId": "173816e5-2b9a-37c3-8a2e-48639d4f1153"
    }
  ]
}