{
  "comments": [
    {
      "key": {
        "uuid": "Ug--cH24",
        "filename": "/COMMIT_MSG",
        "patchSetId": 29
      },
      "lineNbr": 61,
      "author": {
        "id": 1010015
      },
      "writtenOn": "2013-05-09T10:47:14Z",
      "side": 1,
      "message": "just for reference.\nI do not think  below \"3 Failures\"  are related to this commit (buck).\n\n---------------------------------------------------------\n\n\n\n$ time buck test  --all -e slow  \nTESTING ALL TESTS\nPASS  102ms  9 Passed   0 Failed   com.google.gerrit.client.RelativeDateFormatterTest\nPASS \u003c100ms  0 Passed   0 Failed   com.google.gerrit.pgm.init.InitTestCase\nPASS  195ms  1 Passed   0 Failed   com.google.gerrit.pgm.init.LibrariesTest\nPASS  164ms  1 Passed   0 Failed   com.google.gerrit.pgm.init.UpgradeFrom2_0_xTest\nPASS \u003c100ms  2 Passed   0 Failed   com.google.gerrit.common.data.EncodePathSeparatorTest\nPASS \u003c100ms 19 Passed   0 Failed   com.google.gerrit.common.data.ParameterizedStringTest\nPASS \u003c100ms  2 Passed   0 Failed   com.google.gerrit.httpd.GitWebConfigTest\nPASS  455ms  7 Passed   0 Failed   com.google.gerrit.httpd.rpc.project.ListBranchesTest\nPASS \u003c100ms  1 Passed   0 Failed   com.google.gerrit.httpd.restapi.ParameterParserTest\nPASS  110ms  9 Passed   0 Failed   com.google.gwtexpui.safehtml.client.SafeHtml_ReplaceTest\nPASS \u003c100ms 25 Passed   0 Failed   com.google.gwtexpui.safehtml.client.SafeHtmlBuilderTest\nPASS \u003c100ms  4 Passed   0 Failed   com.google.gwtexpui.safehtml.client.SafeHtml_WikifyPreformatTest\nPASS \u003c100ms  1 Passed   0 Failed   com.google.gwtexpui.safehtml.client.RawFindReplaceTest\nPASS \u003c100ms 10 Passed   0 Failed   com.google.gwtexpui.safehtml.client.SafeHtml_WikifyTest\nPASS \u003c100ms  7 Passed   0 Failed   com.google.gwtexpui.safehtml.client.LinkFindReplaceTest\nPASS \u003c100ms  5 Passed   0 Failed   com.google.gwtexpui.safehtml.client.SafeHtml_LinkifyTest\nPASS \u003c100ms  8 Passed   0 Failed   com.google.gwtexpui.safehtml.client.SafeHtml_WikifyListTest\nPASS \u003c100ms  3 Passed   0 Failed   com.google.gerrit.server.StringUtilTest\nPASS  178ms  3 Passed   0 Failed   com.google.gerrit.server.git.ProjectConfigTest\nPASS  268ms 12 Passed   0 Failed   com.google.gerrit.server.git.SubmoduleOpTest\nPASS  676ms  1 Passed   0 Failed   com.google.gerrit.server.schema.SchemaUpdaterTest\nPASS  466ms  3 Passed   0 Failed   com.google.gerrit.server.schema.SchemaCreatorTest\nPASS \u003c100ms  6 Passed   0 Failed   com.google.gerrit.server.ioutil.ColumnFormatterTest\nPASS \u003c100ms  6 Passed   0 Failed   com.google.gerrit.server.ioutil.BasicSerializationTest\nPASS  104ms 31 Passed   0 Failed   com.google.gerrit.server.project.RefControlTest\nPASS  591ms 15 Passed   0 Failed   com.google.gerrit.server.tools.hooks.CommitMsgHookTest\nPASS \u003c100ms  0 Passed   0 Failed   com.google.gerrit.server.tools.hooks.HookTestCase\nPASS \u003c100ms  1 Passed   0 Failed   com.google.gerrit.server.patch.PatchListEntryTest\nPASS \u003c100ms 16 Passed   0 Failed   com.google.gerrit.server.mail.AddressTest\nPASS \u003c100ms 17 Passed   0 Failed   com.google.gerrit.server.mail.FromAddressGeneratorProviderTest\nPASS \u003c100ms  1 Passed   0 Failed   com.google.gerrit.server.change.ChangeJsonTest\nPASS \u003c100ms  2 Passed   0 Failed   com.google.gerrit.server.change.CommentsTest\nPASS \u003c100ms  6 Passed   0 Failed   com.google.gerrit.server.query.OrPredicateTest\nPASS \u003c100ms  7 Passed   0 Failed   com.google.gerrit.server.query.NotPredicateTest\nPASS \u003c100ms  1 Passed   0 Failed   com.google.gerrit.server.query.QueryParserTest\nPASS \u003c100ms  6 Passed   0 Failed   com.google.gerrit.server.query.AndPredicateTest\nPASS \u003c100ms  5 Passed   0 Failed   com.google.gerrit.server.query.FieldPredicateTest\nPASS \u003c100ms  6 Passed   0 Failed   com.google.gerrit.server.query.change.RegexFilePredicateTest\nPASS \u003c100ms  5 Passed   0 Failed   com.google.gerrit.server.util.SubmoduleSectionParserTest\nPASS \u003c100ms  2 Passed   0 Failed   com.google.gerrit.server.util.IdGeneratorTest\nPASS  628ms  5 Passed   0 Failed   com.google.gerrit.server.util.SocketUtilTest\nPASS \u003c100ms  1 Passed   0 Failed   com.google.gerrit.server.config.ConfigUtilTest\nFAIL \u003c100ms  2 Passed   3 Failed   com.google.gerrit.server.config.SitePathsTest\nFAILURE testCreate_Empty: \njunit.framework.AssertionFailedError\n\tat junit.framework.Assert.fail(Assert.java:55)\n\tat junit.framework.Assert.assertTrue(Assert.java:22)\n\tat junit.framework.Assert.assertTrue(Assert.java:31)\n\tat junit.framework.TestCase.assertTrue(TestCase.java:201)\n\tat com.google.gerrit.server.config.SitePathsTest.testCreate_Empty(SitePathsTest.java:38)\n\tat sun.reflect.NativeMethodAccessorImpl.invoke0(Native Method)\n\tat sun.reflect.NativeMethodAccessorImpl.invoke(NativeMethodAccessorImpl.java:39)\n\tat sun.reflect.DelegatingMethodAccessorImpl.invoke(DelegatingMethodAccessorImpl.java:25)\n\tat java.lang.reflect.Method.invoke(Method.java:597)\n\tat junit.framework.TestCase.runTest(TestCase.java:176)\n\tat junit.framework.TestCase.runBare(TestCase.java:141)\n\tat junit.framework.TestResult$1.protect(TestResult.java:122)\n\tat junit.framework.TestResult.runProtected(TestResult.java:142)\n\tat junit.framework.TestResult.run(TestResult.java:125)\n\tat junit.framework.TestCase.run(TestCase.java:129)\n\tat junit.framework.TestSuite.runTest(TestSuite.java:255)\n\tat junit.framework.TestSuite.run(TestSuite.java:250)\n\tat org.junit.internal.runners.JUnit38ClassRunner.run(JUnit38ClassRunner.java:84)\n\tat org.junit.runner.JUnitCore.run(JUnitCore.java:160)\n\tat org.junit.runner.JUnitCore.run(JUnitCore.java:138)\n\tat com.facebook.buck.junit.TestResult.runTestMethod(TestResult.java:82)\n\tat com.facebook.buck.junit.JUnitRunner.run(JUnitRunner.java:88)\n\tat com.facebook.buck.junit.JUnitRunner.main(JUnitRunner.java:214)\n\nFAILURE testCreate_NonEmpty: \njunit.framework.AssertionFailedError\n\tat junit.framework.Assert.fail(Assert.java:55)\n\tat junit.framework.Assert.assertTrue(Assert.java:22)\n\tat junit.framework.Assert.assertTrue(Assert.java:31)\n\tat junit.framework.TestCase.assertTrue(TestCase.java:201)\n\tat com.google.gerrit.server.config.SitePathsTest.testCreate_NonEmpty(SitePathsTest.java:52)\n\tat sun.reflect.NativeMethodAccessorImpl.invoke0(Native Method)\n\tat sun.reflect.NativeMethodAccessorImpl.invoke(NativeMethodAccessorImpl.java:39)\n\tat sun.reflect.DelegatingMethodAccessorImpl.invoke(DelegatingMethodAccessorImpl.java:25)\n\tat java.lang.reflect.Method.invoke(Method.java:597)\n\tat junit.framework.TestCase.runTest(TestCase.java:176)\n\tat junit.framework.TestCase.runBare(TestCase.java:141)\n\tat junit.framework.TestResult$1.protect(TestResult.java:122)\n\tat junit.framework.TestResult.runProtected(TestResult.java:142)\n\tat junit.framework.TestResult.run(TestResult.java:125)\n\tat junit.framework.TestCase.run(TestCase.java:129)\n\tat junit.framework.TestSuite.runTest(TestSuite.java:255)\n\tat junit.framework.TestSuite.run(TestSuite.java:250)\n\tat org.junit.internal.runners.JUnit38ClassRunner.run(JUnit38ClassRunner.java:84)\n\tat org.junit.runner.JUnitCore.run(JUnitCore.java:160)\n\tat org.junit.runner.JUnitCore.run(JUnitCore.java:138)\n\tat com.facebook.buck.junit.TestResult.runTestMethod(TestResult.java:82)\n\tat com.facebook.buck.junit.JUnitRunner.run(JUnitRunner.java:88)\n\tat com.facebook.buck.junit.JUnitRunner.main(JUnitRunner.java:214)\n\nFAILURE testCreate_NotDirectory: No such file or directory\njava.io.IOException: No such file or directory\n\tat java.io.UnixFileSystem.createFileExclusively(Native Method)\n\tat java.io.File.createNewFile(File.java:883)\n\tat com.google.gerrit.server.config.SitePathsTest.testCreate_NotDirectory(SitePathsTest.java:67)\n\tat sun.reflect.NativeMethodAccessorImpl.invoke0(Native Method)\n\tat sun.reflect.NativeMethodAccessorImpl.invoke(NativeMethodAccessorImpl.java:39)\n\tat sun.reflect.DelegatingMethodAccessorImpl.invoke(DelegatingMethodAccessorImpl.java:25)\n\tat java.lang.reflect.Method.invoke(Method.java:597)\n\tat junit.framework.TestCase.runTest(TestCase.java:176)\n\tat junit.framework.TestCase.runBare(TestCase.java:141)\n\tat junit.framework.TestResult$1.protect(TestResult.java:122)\n\tat junit.framework.TestResult.runProtected(TestResult.java:142)\n\tat junit.framework.TestResult.run(TestResult.java:125)\n\tat junit.framework.TestCase.run(TestCase.java:129)\n\tat junit.framework.TestSuite.runTest(TestSuite.java:255)\n\tat junit.framework.TestSuite.run(TestSuite.java:250)\n\tat org.junit.internal.runners.JUnit38ClassRunner.run(JUnit38ClassRunner.java:84)\n\tat org.junit.runner.JUnitCore.run(JUnitCore.java:160)\n\tat org.junit.runner.JUnitCore.run(JUnitCore.java:138)\n\tat com.facebook.buck.junit.TestResult.runTestMethod(TestResult.java:82)\n\tat com.facebook.buck.junit.JUnitRunner.run(JUnitRunner.java:88)\n\tat com.facebook.buck.junit.JUnitRunner.main(JUnitRunner.java:214)\n\nPASS \u003c100ms  0 Passed   0 Failed   com.google.gerrit.testutil.InMemoryH2Type\nPASS \u003c100ms  0 Passed   0 Failed   com.google.gerrit.testutil.InMemoryDatabase\nPASS \u003c100ms  0 Passed   0 Failed   com.google.gerrit.testutil.InMemoryRepositoryManager\nPASS  591ms  1 Passed   0 Failed   com.google.gerrit.rules.GerritCommonTest\nPASS \u003c100ms  1 Passed   0 Failed   com.google.gerrit.rules.PrologTestCase\nTESTS FAILED: 3 Failures\n\nreal\t0m9.209s\nuser\t0m17.557s\nsys\t0m0.688s",
      "revId": "aa12b40ec98f6f6fb0a7dfd6032ed567c47a11b9",
      "serverId": "173816e5-2b9a-37c3-8a2e-48639d4f1153",
      "unresolved": false
    },
    {
      "key": {
        "uuid": "Ug5-Cs3o",
        "filename": "/COMMIT_MSG",
        "patchSetId": 29
      },
      "lineNbr": 74,
      "author": {
        "id": 1010015
      },
      "writtenOn": "2013-05-09T10:47:14Z",
      "side": 1,
      "message": "------------------------------------------\n\n$ buck build :api :release\n BUILDING //:api //:release\n plugins/commit-message-length-validator is required.\n plugins/replication is required.\n plugins/reviewnotes is required.\n\n BUILD FAILED: com.facebook.buck.shell.CommandFailedException: Failed  with 1: SRCS\u003d\u0027/home/CORPUSERS/28850272/gerrit-code/google-gerrit/gerrit /buck-out/gen/plugins/commit-message-length-validator/commit-message- length-validator.jar \n/home/CORPUSERS/28850272/gerrit-code/google-gerrit /gerrit/buck-out/gen/plugins/replication/replication.jar \n/home/CORPUSERS /28850272/gerrit-code/google-gerrit/gerrit/buck-out/gen/plugins/reviewnotes /reviewnotes.jar\u0027 \nOUT\u003d/home/CORPUSERS/28850272/gerrit-code/google-gerrit /gerrit/buck-out/gen/plugins/core.zip \nDEPS\u003d SRCDIR\u003d/home/CORPUSERS /28850272/gerrit-code/google-gerrit/gerrit/buck-out/gen/plugins/core__srcs  \nTMP\u003d/home/CORPUSERS/28850272/gerrit-code/google-gerrit/gerrit/buck- out/gen/plugins/core__tmp \n/bin/bash -c \u0027echo \u003e\u00262 plugins/commit-message- length-validator is required.;\necho \u003e\u00262 plugins/replication is required.;\necho  \u003e\u00262 plugins/reviewnotes is required.;\necho \u003e\u00262;\nexit 1;\nmkdir -p $TMP/WEB- INF/plugins \u0026\u0026\nfor s in $SRCS;\ndo ln -s $s $TMP/WEB-INF/plugins;done;\ncd $TMP  \u0026\u0026zip -qr $OUT .\u0027\n\n------------------------------------------\n\n\n\n\n\nfor creating release war must we build gerrit core with its core plug-ins from now?",
      "revId": "aa12b40ec98f6f6fb0a7dfd6032ed567c47a11b9",
      "serverId": "173816e5-2b9a-37c3-8a2e-48639d4f1153",
      "unresolved": false
    }
  ]
}